<?xml version="1.0" encoding="utf-8"?><testsuites name="pytest tests"><testsuite name="pytest" errors="0" failures="0" skipped="0" tests="12" time="13.360" timestamp="2026-08-15T16:10:41.100959+00:00" hostname="agent-env-f882b132-5d72-426b-8eb7-46cdd8d86f07"><testcase classname="tests.test_phase345.TestAI" name="test_ai_match_default_resume" time="4.386" /><testcase classname="tests.test_phase345.TestJobsSync" name="test_sync_no_query" time="1.035" /><testcase classname="tests.test_phase345.TestJobsSync" name="test_sync_is_idempotent" time="0.408" /><testcase classname="tests.test_phase345.TestJobsSync" name="test_sync_with_query" time="0.195" /><testcase classname="tests.test_phase345.TestJobsSync" name="test_remotive_jobs_have_source_and_live_flag" time="0.340" /><testcase classname="tests.test_phase345.TestApplicationsPhase3" name="test_patch_status" time="0.375" /><testcase classname="tests.test_phase345.TestApplicationsPhase3" name="test_patch_set_follow_up_date_then_clear_null" time="0.524" /><testcase classname="tests.test_phase345.TestApplicationsPhase3" name="test_notes_add_and_delete" time="0.555" /><testcase classname="tests.test_phase345" name="test_phase345_login_new_creds" time="0.274" /><testcase classname="tests.test_phase345.TestAI" name="test_ai_match_bad_job" time="0.102" /><testcase classname="tests.test_phase345.TestAI" name="test_ai_cover_letter" time="8.002" /><testcase classname="tests.test_phase345.TestAI" name="test_ai_match_no_resume_user" time="0.520" /></testsuite></testsuites>