<?xml version="1.0" encoding="utf-8"?><testsuites name="pytest tests"><testsuite name="pytest" errors="0" failures="0" skipped="0" tests="19" time="5.075" timestamp="2026-08-15T14:21:50.162394+00:00" hostname="agent-env-90839be0-cdc9-4d88-8ea3-e2b5dcd5eeb6"><testcase classname="tests.test_moneyseeker_api.TestJobs" name="test_search_requires_auth" time="0.182" /><testcase classname="tests.test_moneyseeker_api.TestAuth" name="test_login_seeded_user" time="0.479" /><testcase classname="tests.test_moneyseeker_api.TestAuth" name="test_login_wrong_password" time="0.403" /><testcase classname="tests.test_moneyseeker_api.TestJobs" name="test_seed_and_list_jobs" time="0.836" /><testcase classname="tests.test_moneyseeker_api.TestAuth" name="test_me_requires_auth" time="0.095" /><testcase classname="tests.test_moneyseeker_api.TestJobs" name="test_search_by_query" time="0.228" /><testcase classname="tests.test_moneyseeker_api.TestAuth" name="test_me_returns_user" time="0.451" /><testcase classname="tests.test_moneyseeker_api.TestJobs" name="test_filter_remote_type" time="0.092" /><testcase classname="tests.test_moneyseeker_api.TestJobs" name="test_filter_experience_level" time="0.141" /><testcase classname="tests.test_moneyseeker_api.TestAuth" name="test_register_new_user_and_login_persists" time="0.800" /><testcase classname="tests.test_moneyseeker_api.TestJobs" name="test_filter_min_salary" time="0.221" /><testcase classname="tests.test_moneyseeker_api.TestJobs" name="test_get_job_detail" time="0.232" /><testcase classname="tests.test_moneyseeker_api.TestJobs" name="test_get_job_not_found" time="0.260" /><testcase classname="tests.test_moneyseeker_api.TestApplications" name="test_full_lifecycle" time="1.426" /><testcase classname="tests.test_moneyseeker_api.TestAuth" name="test_logout_invalidates_token" time="0.672" /><testcase classname="tests.test_moneyseeker_api" name="test_health" time="0.100" /><testcase classname="tests.test_moneyseeker_api" name="test_root" time="0.136" /><testcase classname="tests.test_moneyseeker_api.TestApplications" name="test_create_application_bad_job" time="0.096" /><testcase classname="tests.test_moneyseeker_api.TestResumes" name="test_create_list_default_delete" time="1.007" /></testsuite></testsuites>